â•â•â•â•â•â•â•â•â•â•â•â•â•â•â•â•â•â•â•â•â•â•â•â•â•â•â•â•â•â•â•â•â•â•â•â•â•â•â•â•â•â•â•â•â•â•â•â•â•â•â•â•â•â•â•
 Documentation Reorganization - Execution
 Date: 2026-01-18 21:14:30
 Log file: reorganization-20260118-211430.log
â•â•â•â•â•â•â•â•â•â•â•â•â•â•â•â•â•â•â•â•â•â•â•â•â•â•â•â•â•â•â•â•â•â•â•â•â•â•â•â•â•â•â•â•â•â•â•â•â•â•â•â•â•â•â•

[0;34mâ„¹ï¸  Uncommitted changes detected. Creating backup branch...[0m
[0;32mâœ… Backup branch created: docs/backup-before-reorg-20260118-211430[0m
[0;34mâ„¹ï¸  Creating reorganization branch: docs/reorganization-phase-2[0m

â”â”â” PHASE 1: Creating Directories â”â”â”
[0;32mâœ… Created directory: 06_research[0m
[0;32mâœ… Created directory: 08_decisions[0m
[0;32mâœ… Created directory: _archive/2026-01-18-reorganization[0m
[0;32mâœ… Created directory: assets/diagrams[0m
[0;32mâœ… Created directory: assets/images[0m

â”â”â” PHASE 2: Removing Duplicates â”â”â”
[0;32mâœ… Deleted: ONBOARDING_REPORT.md[0m
[0;32mâœ… Deleted: README copy.md[0m
[0;32mâœ… Deleted: TICKET_2.12_COMPLETE.md[0m

â”â”â” PHASE 3: Moving Root Files â”â”â”
[0;32mâœ… Moved: CHANGES.md â†’ 00_overview/changelog.md[0m
[0;32mâœ… Moved: CSV_IMPORT_README.md â†’ 03_specs/csv-import-spec.md[0m
[0;32mâœ… Moved: T1_IMPLEMENTATION_SUMMARY.md â†’ 04_roadmap/phase-1-implementation-summary.md[0m
[0;32mâœ… Moved: phase-2-tickets 2-11.rtf â†’ _archive/legacy-formats/phase-2-tickets-2-11.rtf[0m
[0;32mâœ… Moved: REORGANIZATION_SUMMARY.md â†’ _archive/2026-01-18-reorganization/REORGANIZATION_SUMMARY.md[0m
[0;32mâœ… Moved: reorganize-execute.sh â†’ _archive/2026-01-18-reorganization/reorganize-execute.sh[0m

â”â”â” PHASE 4: Reorganizing Roadmap â”â”â”
[0;32mâœ… Moved: 04_roadmap/ticket-2.10-complete.md â†’ 04_roadmap/tickets/phase-2/ticket-2.10-complete.md[0m
[0;32mâœ… Moved: 04_roadmap/gather-phase2-tickets.pages â†’ _archive/legacy-formats/gather-phase2-tickets.pages[0m
[0;32mâœ… Moved: 04_roadmap/phase-2-tickets.rtf â†’ _archive/legacy-formats/phase-2-tickets.rtf[0m

â”â”â” PHASE 5: Fixing Filenames â”â”â”
[0;32mâœ… Moved: 04_roadmap/tickets/phase-2/ticket-2.4-comp;ete.md â†’ 04_roadmap/tickets/phase-2/ticket-2.4-complete.md[0m

â”â”â” PHASE 6: Reclassifying Files â”â”â”
[0;32mâœ… Moved: 03_specs/_versions/MUP_V1_TEST_REPORT.md â†’ 05_ops/testing/mup-v1-test-report.md[0m

â”â”â” PHASE 7: Archiving Legacy Formats â”â”â”
[0;32mâœ… Moved: 01_product/monetisation-auth-architecture.docx â†’ _archive/legacy-formats/monetisation-auth-architecture.docx[0m

â”â”â” PHASE 8: Creating README Files â”â”â”
[0;32mâœ… Created README files for new folders[0m

â•â•â•â•â•â•â•â•â•â•â•â•â•â•â•â•â•â•â•â•â•â•â•â•â•â•â•â•â•â•â•â•â•â•â•â•â•â•â•â•â•â•â•â•â•â•â•â•â•â•â•â•â•â•â•
Summary:
â•â•â•â•â•â•â•â•â•â•â•â•â•â•â•â•â•â•â•â•â•â•â•â•â•â•â•â•â•â•â•â•â•â•â•â•â•â•â•â•â•â•â•â•â•â•â•â•â•â•â•â•â•â•â•
[0;32mâœ… Directories created: 7[0m
[0;32mâœ… Files moved: 12[0m
[0;32mâœ… Files deleted: 3[0m
[0;32mâœ… No errors encountered[0m

[0;34mâ„¹ï¸  Final file count:       89[0m

[0;34mâ„¹ï¸  Creating commit...[0m
[0;32mâœ… Commit created successfully[0m

[0;34mâ„¹ï¸  Branch: docs/reorganization-phase-2[0m
[0;34mâ„¹ï¸  Next steps:[0m
  1. Review changes: git diff HEAD~1
  2. Review file tree: tree -L 3
  3. Merge to main: git checkout <target-branch> && git merge docs/reorganization-phase-2

[0;32mâœ… Reorganization complete![0m
